<?xml version="1.0" encoding="UTF-8"?>
<!-- Generated by org.testng.reporters.JUnitXMLReporter -->
<testsuite ignored="1" hostname="Gopi-PC" failures="0" tests="1" name="Error Validation Test" time="19.653" errors="0" timestamp="2024-03-09T18:48:44 IST">
  <testcase classname="rahulshettyacademy.Tests.ErrorValidationsTest" name="errorLogin" time="1.239"/>
  <testcase classname="rahulshettyacademy.Tests.ErrorValidationsTest" name="wrongProductValidation" time="0.0">
    <ignored/>
  </testcase> <!-- wrongProductValidation -->
</testsuite> <!-- Error Validation Test -->
